<?xml version="1.0" encoding="UTF-8"?>
<!-- Generated by org.testng.reporters.JUnitXMLReporter -->
<testsuite ignored="0" hostname="DESKTOP-LLRELV1" failures="0" tests="4" name="Default test" time="8.611" errors="0" timestamp="2025-05-23T12:56:42 IST">
  <testcase classname="api.test.UserTests" name="testPostUser" time="2.957"/>
  <testcase classname="api.test.UserTests" name="testGetUserByName" time="1.193"/>
  <testcase classname="api.test.UserTests" name="testUpdateUserByName" time="2.461"/>
  <testcase classname="api.test.UserTests" name="testDeleteUserByName" time="1.14"/>
</testsuite> <!-- Default test -->
