<?xml version="1.0" encoding="UTF-8"?>
<!-- Generated by org.testng.reporters.JUnitXMLReporter -->
<testsuite ignored="0" hostname="DESKTOP-LLRELV1" failures="0" tests="4" name="PetTests" time="9.036" errors="0" timestamp="2025-02-13T20:04:26 IST">
  <testcase classname="api.test.UserTests" name="testPostUser" time="2.999"/>
  <testcase classname="api.test.UserTests" name="testGetUserByName" time="1.207"/>
  <testcase classname="api.test.UserTests" name="testUpdateUserByName" time="2.335"/>
  <testcase classname="api.test.UserTests" name="testDeleteUserByName" time="1.133"/>
</testsuite> <!-- PetTests -->
